# JRE version: Java(TM) SE Runtime Environment (17.0.10+11) (build 17.0.10+11-LTS-240)
# Java VM: Java HotSpot(TM) 64-Bit Server VM (17.0.10+11-LTS-240, mixed mode, sharing, tiered, compressed oops, compressed class ptrs, g1 gc, windows-amd64)
GC Precious Log:
 CPUs: 8 total, 8 available
 Memory: 8043M
 Large Page Support: Disabled
 NUMA Support: Disabled
 Compressed Oops: Enabled (32-bit)
 Heap Region Size: 1M
 Heap Min Capacity: 256M
 Heap Initial Capacity: 256M
 Heap Max Capacity: 512M
 Pre-touch: Disabled
 Parallel Workers: 8
 Concurrent Workers: 2
 Concurrent Refinement Workers: 8
 Periodic GC: Disabled
Heap:
 garbage-first heap   total 262144K, used 68963K [0x00000000e0000000, 0x0000000100000000)
  region size 1024K, 30 young (30720K), 2 survivors (2048K)
 Metaspace       used 49930K, committed 50496K, reserved 393216K
  class space    used 7202K, committed 7488K, reserved 327680K
GC Heap History (14 events):
Event: 0.689 GC heap before
{Heap before GC invocations=0 (full 0):
 garbage-first heap   total 262144K, used 26624K [0x00000000e0000000, 0x0000000100000000)
  region size 1024K, 23 young (23552K), 0 survivors (0K)
 Metaspace       used 2011K, committed 2240K, reserved 393216K
  class space    used 211K, committed 320K, reserved 327680K
}
Event: 0.696 GC heap after
{Heap after GC invocations=1 (full 0):
 garbage-first heap   total 262144K, used 10398K [0x00000000e0000000, 0x0000000100000000)
  region size 1024K, 3 young (3072K), 3 survivors (3072K)
 Metaspace       used 2011K, committed 2240K, reserved 393216K
  class space    used 211K, committed 320K, reserved 327680K
}
Event: 1.281 GC heap before
{Heap before GC invocations=1 (full 0):
 garbage-first heap   total 262144K, used 38046K [0x00000000e0000000, 0x0000000100000000)
  region size 1024K, 30 young (30720K), 3 survivors (3072K)
 Metaspace       used 4031K, committed 4224K, reserved 393216K
  class space    used 505K, committed 640K, reserved 327680K
}
Event: 1.284 GC heap after
{Heap after GC invocations=2 (full 0):
 garbage-first heap   total 262144K, used 11881K [0x00000000e0000000, 0x0000000100000000)
  region size 1024K, 2 young (2048K), 2 survivors (2048K)
 Metaspace       used 4031K, committed 4224K, reserved 393216K
  class space    used 505K, committed 640K, reserved 327680K
}
Event: 2.991 GC heap before
{Heap before GC invocations=2 (full 0):
 garbage-first heap   total 262144K, used 129641K [0x00000000e0000000, 0x0000000100000000)
  region size 1024K, 115 young (117760K), 2 survivors (2048K)
 Metaspace       used 19325K, committed 19648K, reserved 393216K
  class space    used 2820K, committed 2944K, reserved 327680K
}
Event: 3.000 GC heap after
{Heap after GC invocations=3 (full 0):
 garbage-first heap   total 262144K, used 22701K [0x00000000e0000000, 0x0000000100000000)
  region size 1024K, 11 young (11264K), 11 survivors (11264K)
 Metaspace       used 19325K, committed 19648K, reserved 393216K
  class space    used 2820K, committed 2944K, reserved 327680K
}
Event: 3.193 GC heap before
{Heap before GC invocations=3 (full 0):
 garbage-first heap   total 262144K, used 38061K [0x00000000e0000000, 0x0000000100000000)
  region size 1024K, 27 young (27648K), 11 survivors (11264K)
 Metaspace       used 21262K, committed 21504K, reserved 393216K
  class space    used 3138K, committed 3264K, reserved 327680K
}
Event: 3.199 GC heap after
{Heap after GC invocations=4 (full 0):
 garbage-first heap   total 262144K, used 24125K [0x00000000e0000000, 0x0000000100000000)
  region size 1024K, 12 young (12288K), 12 survivors (12288K)
 Metaspace       used 21262K, committed 21504K, reserved 393216K
  class space    used 3138K, committed 3264K, reserved 327680K
}
Event: 4.464 GC heap before
{Heap before GC invocations=5 (full 0):
 garbage-first heap   total 262144K, used 149053K [0x00000000e0000000, 0x0000000100000000)
  region size 1024K, 131 young (134144K), 12 survivors (12288K)
 Metaspace       used 35840K, committed 36160K, reserved 393216K
  class space    used 5013K, committed 5184K, reserved 327680K
}
Event: 4.477 GC heap after
{Heap after GC invocations=6 (full 0):
 garbage-first heap   total 262144K, used 33188K [0x00000000e0000000, 0x0000000100000000)
  region size 1024K, 11 young (11264K), 11 survivors (11264K)
 Metaspace       used 35840K, committed 36160K, reserved 393216K
  class space    used 5013K, committed 5184K, reserved 327680K
}
Event: 5.819 GC heap before
{Heap before GC invocations=7 (full 0):
 garbage-first heap   total 262144K, used 179620K [0x00000000e0000000, 0x0000000100000000)
  region size 1024K, 153 young (156672K), 11 survivors (11264K)
 Metaspace       used 48564K, committed 49152K, reserved 393216K
  class space    used 6964K, committed 7232K, reserved 327680K
}
Event: 5.831 GC heap after
{Heap after GC invocations=8 (full 0):
 garbage-first heap   total 262144K, used 40804K [0x00000000e0000000, 0x0000000100000000)
  region size 1024K, 18 young (18432K), 18 survivors (18432K)
 Metaspace       used 48564K, committed 49152K, reserved 393216K
  class space    used 6964K, committed 7232K, reserved 327680K
}
Event: 5.835 GC heap before
{Heap before GC invocations=8 (full 0):
 garbage-first heap   total 262144K, used 41828K [0x00000000e0000000, 0x0000000100000000)
  region size 1024K, 19 young (19456K), 18 survivors (18432K)
 Metaspace       used 48564K, committed 49152K, reserved 393216K
  class space    used 6964K, committed 7232K, reserved 327680K
}
Event: 5.846 GC heap after
{Heap after GC invocations=9 (full 0):
 garbage-first heap   total 262144K, used 41315K [0x00000000e0000000, 0x0000000100000000)
  region size 1024K, 2 young (2048K), 2 survivors (2048K)
 Metaspace       used 48564K, committed 49152K, reserved 393216K
  class space    used 6964K, committed 7232K, reserved 327680K
}

